<?xml version="1.0" encoding="UTF-8"?>
<!-- Generated by org.testng.reporters.JUnitXMLReporter -->
<testsuite ignored="0" hostname="Pradeep-Kumar" failures="2" tests="8" name="Test" time="93.172" errors="0" timestamp="2022-12-29T17:31:55 IST">
  <testcase classname="io.cucumber.testng.AbstractTestNGCucumberTests" name="runScenario" time="55.167"/>
  <testcase classname="io.cucumber.testng.AbstractTestNGCucumberTests" name="runScenario" time="57.344"/>
  <testcase classname="io.cucumber.testng.AbstractTestNGCucumberTests" name="runScenario" time="58.015"/>
  <testcase classname="io.cucumber.testng.AbstractTestNGCucumberTests" name="runScenario" time="58.952"/>
  <testcase classname="io.cucumber.testng.AbstractTestNGCucumberTests" name="runScenario" time="75.387"/>
  <testcase classname="io.cucumber.testng.AbstractTestNGCucumberTests" name="runScenario" time="75.779"/>
  <testcase classname="io.cucumber.testng.AbstractTestNGCucumberTests" name="runScenario" time="80.067">
    <failure type="org.openqa.selenium.SessionNotCreatedException" message="Could not start a new session. Response code 500. Message: An unknown server-side error occurred while processing the command. Original error: An unknown server-side error occurred while processing the command. Original error: unknown error: Failed to clear data for com.android.chrome on device U4EYLRLV5LRGJFDU: Security exception: adb clearing user data is forbidden.

java.lang.SecurityException: adb clearing user data is forbidden.
	at com.android.server.pm.ColorClearDataProtectManager.interceptClearUserDataIfNeeded(ColorClearDataProtectManager.java:88)
	at com.android.server.pm.OppoBasePackageManagerService$OppoPackageManagerInternalImpl.interceptClearUserDataIfNeeded(OppoBasePackageManagerService.java:743)
	at com.android.server.am.ActivityManagerService.clearApplicationUserData(ActivityManagerService.java:4582)
	at com.android.server.pm.PackageManagerShellCommand.runClear(PackageManagerShellCommand.java:1852)
	at com.android.server.pm.PackageManagerShellCommand.onCommand(PackageManagerShellCommand.java:216)
	at android.os.ShellCommand.exec(ShellCommand.java:104)
	at com.android.server.pm.PackageManagerService.onShellCommand(PackageManagerService.java:24187)
	at android.os.Binder.shellCommand(Binder.java:881)
	at android.os.Binder.onTransact(Binder.java:765)
	at android.content.pm.IPackageManager$Stub.onTransact(IPackageManager.java:5400)
	at com.android.server.pm.PackageManagerService.onTransact(PackageManagerService.java:4819)
	at com.android.server.pm.OppoPackageManagerService.onTransact(OppoPackageManagerService.java:83)
	at android.os.Binder.execTransactInternal(Binder.java:1021)
	at android.os.Binder.execTransact(Binder.java:994)

  (Driver info: chromedriver=2.41.578706 (5f725d1b4f0a4acbf5259df887244095596231db),platform=Mac OS X 12.4.0 x86_64) 
Host info: host: &amp;apos;Pradeep-Kumar&amp;apos;, ip: &amp;apos;2405:201:6815:45:f09f:cb39:2f8c:6ece%en0&amp;apos;
Build info: version: &amp;apos;4.6.0&amp;apos;, revision: &amp;apos;79f1c02ae20&amp;apos;
System info: os.name: &amp;apos;Mac OS X&amp;apos;, os.arch: &amp;apos;x86_64&amp;apos;, os.version: &amp;apos;12.6&amp;apos;, java.version: &amp;apos;17.0.4.1&amp;apos;
Driver info: io.appium.java_client.android.AndroidDriver
Command: [null, newSession {capabilities=[{appium:accessKey=eyJhbGciOiJIUzI1NiJ9.eyJ4cC51Ijo0MjI3NDA3LCJ4cC5wIjoyLCJ4cC5tIjoxNjYzODQ3MTY5MTM4LCJleHAiOjE5NzkyMDcxNzAsImlzcyI6ImNvbS5leHBlcml0ZXN0In0.7chHV-AUVDFIUx-yDYaqkT2BbVb_j2x9sdxhI4fUurI, appium:appiumVersion=1.22.3, browserName=Chrome, appium:deviceQuery=@os=&amp;apos;android&amp;apos; and @category=&amp;apos;PHONE&amp;apos;, platformName=ANDROID}], desiredCapabilities=Capabilities {accessKey: eyJhbGciOiJIUzI1NiJ9.eyJ4cC..., appiumVersion: 1.22.3, browserName: Chrome, deviceQuery: @os=&amp;apos;android&amp;apos; and @category..., platformName: ANDROID}}]
Capabilities {}">
      <![CDATA[org.openqa.selenium.SessionNotCreatedException: Could not start a new session. Response code 500. Message: An unknown server-side error occurred while processing the command. Original error: An unknown server-side error occurred while processing the command. Original error: unknown error: Failed to clear data for com.android.chrome on device U4EYLRLV5LRGJFDU: Security exception: adb clearing user data is forbidden.

java.lang.SecurityException: adb clearing user data is forbidden.
at com.android.server.pm.ColorClearDataProtectManager.interceptClearUserDataIfNeeded(ColorClearDataProtectManager.java:88)
at com.android.server.pm.OppoBasePackageManagerService$OppoPackageManagerInternalImpl.interceptClearUserDataIfNeeded(OppoBasePackageManagerService.java:743)
at com.android.server.am.ActivityManagerService.clearApplicationUserData(ActivityManagerService.java:4582)
at com.android.server.pm.PackageManagerShellCommand.runClear(PackageManagerShellCommand.java:1852)
at com.android.server.pm.PackageManagerShellCommand.onCommand(PackageManagerShellCommand.java:216)
at android.os.ShellCommand.exec(ShellCommand.java:104)
at com.android.server.pm.PackageManagerService.onShellCommand(PackageManagerService.java:24187)
at android.os.Binder.shellCommand(Binder.java:881)
at android.os.Binder.onTransact(Binder.java:765)
at android.content.pm.IPackageManager$Stub.onTransact(IPackageManager.java:5400)
at com.android.server.pm.PackageManagerService.onTransact(PackageManagerService.java:4819)
at com.android.server.pm.OppoPackageManagerService.onTransact(OppoPackageManagerService.java:83)
at android.os.Binder.execTransactInternal(Binder.java:1021)
at android.os.Binder.execTransact(Binder.java:994)

  (Driver info: chromedriver=2.41.578706 (5f725d1b4f0a4acbf5259df887244095596231db),platform=Mac OS X 12.4.0 x86_64) 
Host info: host: 'Pradeep-Kumar', ip: '2405:201:6815:45:f09f:cb39:2f8c:6ece%en0'
Build info: version: '4.6.0', revision: '79f1c02ae20'
System info: os.name: 'Mac OS X', os.arch: 'x86_64', os.version: '12.6', java.version: '17.0.4.1'
Driver info: io.appium.java_client.android.AndroidDriver
Command: [null, newSession {capabilities=[{appium:accessKey=eyJhbGciOiJIUzI1NiJ9.eyJ4cC51Ijo0MjI3NDA3LCJ4cC5wIjoyLCJ4cC5tIjoxNjYzODQ3MTY5MTM4LCJleHAiOjE5NzkyMDcxNzAsImlzcyI6ImNvbS5leHBlcml0ZXN0In0.7chHV-AUVDFIUx-yDYaqkT2BbVb_j2x9sdxhI4fUurI, appium:appiumVersion=1.22.3, browserName=Chrome, appium:deviceQuery=@os='android' and @category='PHONE', platformName=ANDROID}], desiredCapabilities=Capabilities {accessKey: eyJhbGciOiJIUzI1NiJ9.eyJ4cC..., appiumVersion: 1.22.3, browserName: Chrome, deviceQuery: @os='android' and @category..., platformName: ANDROID}}]
Capabilities {}
at org.openqa.selenium.remote.ProtocolHandshake.createSession(ProtocolHandshake.java:146)
at io.appium.java_client.remote.AppiumProtocolHandshake.createSession(AppiumProtocolHandshake.java:126)
at io.appium.java_client.remote.AppiumProtocolHandshake.createSession(AppiumProtocolHandshake.java:102)
at io.appium.java_client.remote.AppiumCommandExecutor.createSession(AppiumCommandExecutor.java:155)
at io.appium.java_client.remote.AppiumCommandExecutor.execute(AppiumCommandExecutor.java:189)
at org.openqa.selenium.remote.RemoteWebDriver.execute(RemoteWebDriver.java:541)
at io.appium.java_client.AppiumDriver.startSession(AppiumDriver.java:229)
at org.openqa.selenium.remote.RemoteWebDriver.<init>(RemoteWebDriver.java:157)
at io.appium.java_client.AppiumDriver.<init>(AppiumDriver.java:80)
at io.appium.java_client.AppiumDriver.<init>(AppiumDriver.java:92)
at io.appium.java_client.android.AndroidDriver.<init>(AndroidDriver.java:117)
at stepDefinitions.steps.setup(steps.java:31)
... Removed 4 stack frames]]>
    </failure>
  </testcase> <!-- runScenario -->
  <testcase classname="io.cucumber.testng.AbstractTestNGCucumberTests" name="runScenario" time="92.267">
    <failure type="org.openqa.selenium.SessionNotCreatedException" message="Could not start a new session. Response code 500. Message: An unknown server-side error occurred while processing the command. Original error: &amp;apos;app&amp;apos; option is required for reinstall 
Host info: host: &amp;apos;Pradeep-Kumar&amp;apos;, ip: &amp;apos;2405:201:6815:45:f09f:cb39:2f8c:6ece%en0&amp;apos;
Build info: version: &amp;apos;4.6.0&amp;apos;, revision: &amp;apos;79f1c02ae20&amp;apos;
System info: os.name: &amp;apos;Mac OS X&amp;apos;, os.arch: &amp;apos;x86_64&amp;apos;, os.version: &amp;apos;12.6&amp;apos;, java.version: &amp;apos;17.0.4.1&amp;apos;
Driver info: io.appium.java_client.android.AndroidDriver
Command: [null, newSession {capabilities=[{appium:accessKey=eyJhbGciOiJIUzI1NiJ9.eyJ4cC51Ijo0MjI3NDA3LCJ4cC5wIjoyLCJ4cC5tIjoxNjYzODQ3MTY5MTM4LCJleHAiOjE5NzkyMDcxNzAsImlzcyI6ImNvbS5leHBlcml0ZXN0In0.7chHV-AUVDFIUx-yDYaqkT2BbVb_j2x9sdxhI4fUurI, appium:appiumVersion=1.22.3, browserName=Chrome, appium:deviceQuery=@os=&amp;apos;android&amp;apos; and @category=&amp;apos;PHONE&amp;apos;, platformName=ANDROID}], desiredCapabilities=Capabilities {accessKey: eyJhbGciOiJIUzI1NiJ9.eyJ4cC..., appiumVersion: 1.22.3, browserName: Chrome, deviceQuery: @os=&amp;apos;android&amp;apos; and @category..., platformName: ANDROID}}]
Capabilities {}">
      <![CDATA[org.openqa.selenium.SessionNotCreatedException: Could not start a new session. Response code 500. Message: An unknown server-side error occurred while processing the command. Original error: 'app' option is required for reinstall 
Host info: host: 'Pradeep-Kumar', ip: '2405:201:6815:45:f09f:cb39:2f8c:6ece%en0'
Build info: version: '4.6.0', revision: '79f1c02ae20'
System info: os.name: 'Mac OS X', os.arch: 'x86_64', os.version: '12.6', java.version: '17.0.4.1'
Driver info: io.appium.java_client.android.AndroidDriver
Command: [null, newSession {capabilities=[{appium:accessKey=eyJhbGciOiJIUzI1NiJ9.eyJ4cC51Ijo0MjI3NDA3LCJ4cC5wIjoyLCJ4cC5tIjoxNjYzODQ3MTY5MTM4LCJleHAiOjE5NzkyMDcxNzAsImlzcyI6ImNvbS5leHBlcml0ZXN0In0.7chHV-AUVDFIUx-yDYaqkT2BbVb_j2x9sdxhI4fUurI, appium:appiumVersion=1.22.3, browserName=Chrome, appium:deviceQuery=@os='android' and @category='PHONE', platformName=ANDROID}], desiredCapabilities=Capabilities {accessKey: eyJhbGciOiJIUzI1NiJ9.eyJ4cC..., appiumVersion: 1.22.3, browserName: Chrome, deviceQuery: @os='android' and @category..., platformName: ANDROID}}]
Capabilities {}
at org.openqa.selenium.remote.ProtocolHandshake.createSession(ProtocolHandshake.java:146)
at io.appium.java_client.remote.AppiumProtocolHandshake.createSession(AppiumProtocolHandshake.java:126)
at io.appium.java_client.remote.AppiumProtocolHandshake.createSession(AppiumProtocolHandshake.java:102)
at io.appium.java_client.remote.AppiumCommandExecutor.createSession(AppiumCommandExecutor.java:155)
at io.appium.java_client.remote.AppiumCommandExecutor.execute(AppiumCommandExecutor.java:189)
at org.openqa.selenium.remote.RemoteWebDriver.execute(RemoteWebDriver.java:541)
at io.appium.java_client.AppiumDriver.startSession(AppiumDriver.java:229)
at org.openqa.selenium.remote.RemoteWebDriver.<init>(RemoteWebDriver.java:157)
at io.appium.java_client.AppiumDriver.<init>(AppiumDriver.java:80)
at io.appium.java_client.AppiumDriver.<init>(AppiumDriver.java:92)
at io.appium.java_client.android.AndroidDriver.<init>(AndroidDriver.java:117)
at stepDefinitions.steps.setup(steps.java:31)
... Removed 4 stack frames]]>
    </failure>
  </testcase> <!-- runScenario -->
</testsuite> <!-- Test -->
